<?xml version="1.0" encoding="UTF-8"?>
<!-- Generated by org.testng.reporters.JUnitReportReporter -->
<testsuite skipped="0" hostname="DESKTOP-97E01BO" name="TestPetAPI" tests="6" failures="0" timestamp="2021-05-24T09:36:17 IST" time="15.397" errors="1">
  <testcase name="DeletePet" time="2.993" classname="TestPetAPI"/>
  <system-out/>
  <testcase name="getPetInfo" time="1.591" classname="TestPetAPI">
    <error type="java.lang.NoClassDefFoundError" message="com/github/fge/jsonschema/main/JsonSchemaFactory">
      <![CDATA[java.lang.NoClassDefFoundError: com/github/fge/jsonschema/main/JsonSchemaFactory
at io.restassured.module.jsv.JsonSchemaValidatorSettings.<init>(JsonSchemaValidatorSettings.java:58)
at io.restassured.module.jsv.JsonSchemaValidator$JsonSchemaValidatorFactory.createSettings(JsonSchemaValidator.java:277)
at io.restassured.module.jsv.JsonSchemaValidator$JsonSchemaValidatorFactory.create(JsonSchemaValidator.java:289)
at io.restassured.module.jsv.JsonSchemaValidator.matchesJsonSchema(JsonSchemaValidator.java:166)
at TestPetAPI.getPetInfo(TestPetAPI.java:83)
at sun.reflect.NativeMethodAccessorImpl.invoke0(Native Method)
at sun.reflect.NativeMethodAccessorImpl.invoke(NativeMethodAccessorImpl.java:62)
at sun.reflect.DelegatingMethodAccessorImpl.invoke(DelegatingMethodAccessorImpl.java:43)
at java.lang.reflect.Method.invoke(Method.java:498)
at org.testng.internal.MethodInvocationHelper.invokeMethod(MethodInvocationHelper.java:132)
at org.testng.internal.TestInvoker.invokeMethod(TestInvoker.java:599)
at org.testng.internal.TestInvoker.invokeTestMethod(TestInvoker.java:174)
at org.testng.internal.MethodRunner.runInSequence(MethodRunner.java:46)
at org.testng.internal.TestInvoker$MethodInvocationAgent.invoke(TestInvoker.java:822)
at org.testng.internal.TestInvoker.invokeTestMethods(TestInvoker.java:147)
at org.testng.internal.TestMethodWorker.invokeTestMethods(TestMethodWorker.java:146)
at org.testng.internal.TestMethodWorker.run(TestMethodWorker.java:128)
at java.util.ArrayList.forEach(ArrayList.java:1259)
at org.testng.TestRunner.privateRun(TestRunner.java:764)
at org.testng.TestRunner.run(TestRunner.java:585)
at org.testng.SuiteRunner.runTest(SuiteRunner.java:384)
at org.testng.SuiteRunner.runSequentially(SuiteRunner.java:378)
at org.testng.SuiteRunner.privateRun(SuiteRunner.java:337)
at org.testng.SuiteRunner.run(SuiteRunner.java:286)
at org.testng.SuiteRunnerWorker.runSuite(SuiteRunnerWorker.java:53)
at org.testng.SuiteRunnerWorker.run(SuiteRunnerWorker.java:96)
at org.testng.TestNG.runSuitesSequentially(TestNG.java:1218)
at org.testng.TestNG.runSuitesLocally(TestNG.java:1140)
at org.testng.TestNG.runSuites(TestNG.java:1069)
at org.testng.TestNG.run(TestNG.java:1037)
at org.testng.remote.AbstractRemoteTestNG.run(AbstractRemoteTestNG.java:115)
at org.testng.remote.RemoteTestNG.initAndRun(RemoteTestNG.java:251)
at org.testng.remote.RemoteTestNG.main(RemoteTestNG.java:77)
Caused by: java.lang.ClassNotFoundException: com.github.fge.jsonschema.main.JsonSchemaFactory
at java.net.URLClassLoader.findClass(URLClassLoader.java:382)
at java.lang.ClassLoader.loadClass(ClassLoader.java:418)
at sun.misc.Launcher$AppClassLoader.loadClass(Launcher.java:352)
at java.lang.ClassLoader.loadClass(ClassLoader.java:351)
... 33 more
]]>
    </error>
  </testcase> <!-- getPetInfo -->
  <system-out/>
  <testcase name="GetPetDetails" time="2.098" classname="TestPetAPI"/>
  <system-out/>
  <testcase name="AddNewPet_first" time="1.659" classname="TestPetAPI"/>
  <system-out/>
  <testcase name="AddNewPet" time="5.550" classname="TestPetAPI"/>
  <system-out/>
  <testcase name="GetAddedPet" time="1.506" classname="TestPetAPI"/>
  <system-out/>
</testsuite> <!-- TestPetAPI -->
